<?xml version="1.0" encoding="UTF-8"?>
<testsuite name="com.naosim.dddwork.api.kintai.KintaiKanriApiTest" tests="37" skipped="0" failures="0" errors="0" timestamp="2018-09-11T01:25:51" hostname="aokishingonoMacBook-puro.local" time="4.29">
  <properties/>
  <testcase name="正常_INPUT" classname="com.naosim.dddwork.api.kintai.KintaiKanriApiTest" time="3.006"/>
  <testcase name="正常_INPUT" classname="com.naosim.dddwork.api.kintai.KintaiKanriApiTest" time="0.033"/>
  <testcase name="正常_INPUT" classname="com.naosim.dddwork.api.kintai.KintaiKanriApiTest" time="0.022"/>
  <testcase name="正常_INPUT" classname="com.naosim.dddwork.api.kintai.KintaiKanriApiTest" time="0.023"/>
  <testcase name="正常_INPUT" classname="com.naosim.dddwork.api.kintai.KintaiKanriApiTest" time="0.026"/>
  <testcase name="正常_INPUT" classname="com.naosim.dddwork.api.kintai.KintaiKanriApiTest" time="0.018"/>
  <testcase name="正常_INPUT" classname="com.naosim.dddwork.api.kintai.KintaiKanriApiTest" time="0.017"/>
  <testcase name="正常_INPUT" classname="com.naosim.dddwork.api.kintai.KintaiKanriApiTest" time="0.029"/>
  <testcase name="正常_INPUT" classname="com.naosim.dddwork.api.kintai.KintaiKanriApiTest" time="0.017"/>
  <testcase name="正常_INPUT" classname="com.naosim.dddwork.api.kintai.KintaiKanriApiTest" time="0.043"/>
  <testcase name="正常_INPUT" classname="com.naosim.dddwork.api.kintai.KintaiKanriApiTest" time="0.024"/>
  <testcase name="正常_INPUT" classname="com.naosim.dddwork.api.kintai.KintaiKanriApiTest" time="0.07"/>
  <testcase name="正常_INPUT" classname="com.naosim.dddwork.api.kintai.KintaiKanriApiTest" time="0.023"/>
  <testcase name="正常_INPUT" classname="com.naosim.dddwork.api.kintai.KintaiKanriApiTest" time="0.011"/>
  <testcase name="正常_INPUT" classname="com.naosim.dddwork.api.kintai.KintaiKanriApiTest" time="0.024"/>
  <testcase name="正常_INPUT" classname="com.naosim.dddwork.api.kintai.KintaiKanriApiTest" time="0.058"/>
  <testcase name="正常_INPUT" classname="com.naosim.dddwork.api.kintai.KintaiKanriApiTest" time="0.019"/>
  <testcase name="正常_INPUT" classname="com.naosim.dddwork.api.kintai.KintaiKanriApiTest" time="0.014"/>
  <testcase name="正常_INPUT" classname="com.naosim.dddwork.api.kintai.KintaiKanriApiTest" time="0.016"/>
  <testcase name="正常_INPUT" classname="com.naosim.dddwork.api.kintai.KintaiKanriApiTest" time="0.018"/>
  <testcase name="正常_INPUT" classname="com.naosim.dddwork.api.kintai.KintaiKanriApiTest" time="0.012"/>
  <testcase name="正常_INPUT" classname="com.naosim.dddwork.api.kintai.KintaiKanriApiTest" time="0.029"/>
  <testcase name="正常_INPUT" classname="com.naosim.dddwork.api.kintai.KintaiKanriApiTest" time="0.018"/>
  <testcase name="正常_INPUT" classname="com.naosim.dddwork.api.kintai.KintaiKanriApiTest" time="0.014"/>
  <testcase name="正常_INPUT" classname="com.naosim.dddwork.api.kintai.KintaiKanriApiTest" time="0.02"/>
  <testcase name="正常_INPUT" classname="com.naosim.dddwork.api.kintai.KintaiKanriApiTest" time="0.033"/>
  <testcase name="正常_TOTAL" classname="com.naosim.dddwork.api.kintai.KintaiKanriApiTest" time="0.008"/>
  <testcase name="異常（IllegalArgumentException）_INPUT args数不足" classname="com.naosim.dddwork.api.kintai.KintaiKanriApiTest" time="0.082"/>
  <testcase name="異常（IllegalArgumentException）_TOTAL args数過多" classname="com.naosim.dddwork.api.kintai.KintaiKanriApiTest" time="0.087"/>
  <testcase name="異常（IllegalArgumentException）_INPUT methodTypeに既定値以外" classname="com.naosim.dddwork.api.kintai.KintaiKanriApiTest" time="0.019"/>
  <testcase name="異常（IllegalArgumentException）_TOTAL methodTypeに既定値以外" classname="com.naosim.dddwork.api.kintai.KintaiKanriApiTest" time="0.017"/>
  <testcase name="異常（ValidationException）_INPUT 対象日付に数値以外" classname="com.naosim.dddwork.api.kintai.KintaiKanriApiTest" time="0.163"/>
  <testcase name="異常（ValidationException）_INPUT 出勤時刻に数値以外" classname="com.naosim.dddwork.api.kintai.KintaiKanriApiTest" time="0.052"/>
  <testcase name="異常（ValidationException）_INPUT 退勤時刻に数値以外" classname="com.naosim.dddwork.api.kintai.KintaiKanriApiTest" time="0.016"/>
  <testcase name="異常（ValidationException）_INPUT 対象日付の書式不正" classname="com.naosim.dddwork.api.kintai.KintaiKanriApiTest" time="0.017"/>
  <testcase name="異常（ValidationException）_INPUT 出勤時刻の書式不正" classname="com.naosim.dddwork.api.kintai.KintaiKanriApiTest" time="0.031"/>
  <testcase name="異常（ValidationException）_INPUT 退勤時刻の書式不正" classname="com.naosim.dddwork.api.kintai.KintaiKanriApiTest" time="0.026"/>
  <system-out><![CDATA[10:25:50,663 |-INFO in ch.qos.logback.classic.LoggerContext[default] - Found resource [logback.groovy] at [file:/Users/aokishingo/kintai/build/resources/test/logback.groovy]
10:25:50,663 |-WARN in ch.qos.logback.classic.LoggerContext[default] - Resource [logback.groovy] occurs multiple times on the classpath.
10:25:50,663 |-WARN in ch.qos.logback.classic.LoggerContext[default] - Resource [logback.groovy] occurs at [file:/Users/aokishingo/kintai/build/resources/main/logback.groovy]
10:25:50,663 |-WARN in ch.qos.logback.classic.LoggerContext[default] - Resource [logback.groovy] occurs at [file:/Users/aokishingo/kintai/build/resources/test/logback.groovy]
10:25:51,258 |-INFO in ch.qos.logback.classic.gaffer.ConfigurationDelegate@4f210218 - About to instantiate appender of type [ch.qos.logback.core.rolling.RollingFileAppender]
10:25:51,259 |-INFO in ch.qos.logback.classic.gaffer.ConfigurationDelegate@4f210218 - Naming appender as [FILE]
10:25:51,357 |-ERROR in ch.qos.logback.classic.gaffer.ComponentDelegate@f512d22 - Component  of type [ch.qos.logback.core.rolling.TimeBasedRollingPolicy] has no appplicable [file] property 
10:25:51,361 |-INFO in c.q.l.core.rolling.TimeBasedRollingPolicy - No compression will be used
10:25:51,362 |-INFO in c.q.l.core.rolling.TimeBasedRollingPolicy - Will use the pattern null.%d{yyyy-MM-dd} for the active file
10:25:51,364 |-INFO in c.q.l.core.rolling.DefaultTimeBasedFileNamingAndTriggeringPolicy - The date pattern is 'yyyy-MM-dd' from file name pattern 'null.%d{yyyy-MM-dd}'.
10:25:51,364 |-INFO in c.q.l.core.rolling.DefaultTimeBasedFileNamingAndTriggeringPolicy - Roll-over at midnight.
10:25:51,367 |-INFO in c.q.l.core.rolling.DefaultTimeBasedFileNamingAndTriggeringPolicy - Setting initial period to Tue Sep 11 10:25:51 JST 2018
10:25:51,370 |-INFO in ch.qos.logback.core.rolling.RollingFileAppender[FILE] - Active log file name: build/tomcat/logs/test.log
10:25:51,370 |-INFO in ch.qos.logback.core.rolling.RollingFileAppender[FILE] - File property is set to [build/tomcat/logs/test.log]
10:25:51,374 |-INFO in ch.qos.logback.classic.gaffer.ConfigurationDelegate@4f210218 - About to instantiate appender of type [ch.qos.logback.core.ConsoleAppender]
10:25:51,375 |-INFO in ch.qos.logback.classic.gaffer.ConfigurationDelegate@4f210218 - Naming appender as [STDOUT]
10:25:51,380 |-INFO in ch.qos.logback.classic.gaffer.ConfigurationDelegate@4f210218 - Setting level of logger [ROOT] to ERROR
10:25:51,387 |-INFO in ch.qos.logback.classic.gaffer.ConfigurationDelegate@4f210218 - Attaching appender named [FILE] to Logger[ROOT]
10:25:51,388 |-INFO in ch.qos.logback.classic.gaffer.ConfigurationDelegate@4f210218 - Attaching appender named [STDOUT] to Logger[ROOT]

]]></system-out>
  <system-err><![CDATA[java.lang.IllegalArgumentException: 引数が足りません
	at com.naosim.dddwork.api.kintai.KintaiKanriArgs.<init>(KintaiKanriArgs.java:65)
	at com.naosim.dddwork.api.kintai.KintaiKanriApi.main(KintaiKanriApi.java:24)
	at com.naosim.dddwork.api.kintai.KintaiKanriApi$main.call(Unknown Source)
	at org.codehaus.groovy.runtime.callsite.CallSiteArray.defaultCall(CallSiteArray.java:48)
	at org.codehaus.groovy.runtime.callsite.AbstractCallSite.call(AbstractCallSite.java:113)
	at org.codehaus.groovy.runtime.callsite.AbstractCallSite.call(AbstractCallSite.java:125)
	at com.naosim.dddwork.api.kintai.KintaiKanriApiTest.$spock_feature_0_1(KintaiKanriApiTest.groovy:103)
	at sun.reflect.NativeMethodAccessorImpl.invoke0(Native Method)
	at sun.reflect.NativeMethodAccessorImpl.invoke(NativeMethodAccessorImpl.java:62)
	at sun.reflect.DelegatingMethodAccessorImpl.invoke(DelegatingMethodAccessorImpl.java:43)
	at java.lang.reflect.Method.invoke(Method.java:498)
	at org.spockframework.util.ReflectionUtil.invokeMethod(ReflectionUtil.java:153)
	at org.spockframework.runtime.model.MethodInfo.invoke(MethodInfo.java:84)
	at org.spockframework.runtime.BaseSpecRunner.invokeRaw(BaseSpecRunner.java:480)
	at org.spockframework.runtime.BaseSpecRunner.invoke(BaseSpecRunner.java:463)
	at org.spockframework.runtime.BaseSpecRunner.runFeatureMethod(BaseSpecRunner.java:405)
	at org.spockframework.runtime.BaseSpecRunner.doRunIteration(BaseSpecRunner.java:324)
	at org.spockframework.runtime.BaseSpecRunner$6.invoke(BaseSpecRunner.java:309)
	at org.spockframework.runtime.BaseSpecRunner.invokeRaw(BaseSpecRunner.java:480)
	at org.spockframework.runtime.BaseSpecRunner.invoke(BaseSpecRunner.java:463)
	at org.spockframework.runtime.BaseSpecRunner.runIteration(BaseSpecRunner.java:288)
	at org.spockframework.runtime.BaseSpecRunner.initializeAndRunIteration(BaseSpecRunner.java:278)
	at org.spockframework.runtime.ParameterizedSpecRunner.runIterations(ParameterizedSpecRunner.java:119)
	at org.spockframework.runtime.ParameterizedSpecRunner.runParameterizedFeature(ParameterizedSpecRunner.java:43)
	at org.spockframework.runtime.BaseSpecRunner.doRunFeature(BaseSpecRunner.java:262)
	at org.spockframework.runtime.BaseSpecRunner$5.invoke(BaseSpecRunner.java:246)
	at org.spockframework.runtime.BaseSpecRunner.invokeRaw(BaseSpecRunner.java:480)
	at org.spockframework.runtime.BaseSpecRunner.invoke(BaseSpecRunner.java:463)
	at org.spockframework.runtime.BaseSpecRunner.runFeature(BaseSpecRunner.java:238)
	at org.spockframework.runtime.BaseSpecRunner.runFeatures(BaseSpecRunner.java:188)
	at org.spockframework.runtime.BaseSpecRunner.doRunSpec(BaseSpecRunner.java:98)
	at org.spockframework.runtime.BaseSpecRunner$1.invoke(BaseSpecRunner.java:84)
	at org.spockframework.runtime.BaseSpecRunner.invokeRaw(BaseSpecRunner.java:480)
	at org.spockframework.runtime.BaseSpecRunner.invoke(BaseSpecRunner.java:463)
	at org.spockframework.runtime.BaseSpecRunner.runSpec(BaseSpecRunner.java:76)
	at org.spockframework.runtime.BaseSpecRunner.run(BaseSpecRunner.java:67)
	at org.spockframework.runtime.Sputnik.run(Sputnik.java:63)
	at org.gradle.api.internal.tasks.testing.junit.JUnitTestClassExecuter.runTestClass(JUnitTestClassExecuter.java:114)
	at org.gradle.api.internal.tasks.testing.junit.JUnitTestClassExecuter.execute(JUnitTestClassExecuter.java:57)
	at org.gradle.api.internal.tasks.testing.junit.JUnitTestClassProcessor.processTestClass(JUnitTestClassProcessor.java:66)
	at org.gradle.api.internal.tasks.testing.SuiteTestClassProcessor.processTestClass(SuiteTestClassProcessor.java:51)
	at sun.reflect.NativeMethodAccessorImpl.invoke0(Native Method)
	at sun.reflect.NativeMethodAccessorImpl.invoke(NativeMethodAccessorImpl.java:62)
	at sun.reflect.DelegatingMethodAccessorImpl.invoke(DelegatingMethodAccessorImpl.java:43)
	at java.lang.reflect.Method.invoke(Method.java:498)
	at org.gradle.internal.dispatch.ReflectionDispatch.dispatch(ReflectionDispatch.java:35)
	at org.gradle.internal.dispatch.ReflectionDispatch.dispatch(ReflectionDispatch.java:24)
	at org.gradle.internal.dispatch.ContextClassLoaderDispatch.dispatch(ContextClassLoaderDispatch.java:32)
	at org.gradle.internal.dispatch.ProxyDispatchAdapter$DispatchingInvocationHandler.invoke(ProxyDispatchAdapter.java:93)
	at com.sun.proxy.$Proxy2.processTestClass(Unknown Source)
	at org.gradle.api.internal.tasks.testing.worker.TestWorker.processTestClass(TestWorker.java:109)
	at sun.reflect.NativeMethodAccessorImpl.invoke0(Native Method)
	at sun.reflect.NativeMethodAccessorImpl.invoke(NativeMethodAccessorImpl.java:62)
	at sun.reflect.DelegatingMethodAccessorImpl.invoke(DelegatingMethodAccessorImpl.java:43)
	at java.lang.reflect.Method.invoke(Method.java:498)
	at org.gradle.internal.dispatch.ReflectionDispatch.dispatch(ReflectionDispatch.java:35)
	at org.gradle.internal.dispatch.ReflectionDispatch.dispatch(ReflectionDispatch.java:24)
	at org.gradle.internal.remote.internal.hub.MessageHub$Handler.run(MessageHub.java:377)
	at org.gradle.internal.concurrent.ExecutorPolicy$CatchAndRecordFailures.onExecute(ExecutorPolicy.java:54)
	at org.gradle.internal.concurrent.StoppableExecutorImpl$1.run(StoppableExecutorImpl.java:40)
	at java.util.concurrent.ThreadPoolExecutor.runWorker(ThreadPoolExecutor.java:1149)
	at java.util.concurrent.ThreadPoolExecutor$Worker.run(ThreadPoolExecutor.java:624)
	at java.lang.Thread.run(Thread.java:748)
java.lang.IllegalArgumentException: 引数が足りません
	at com.naosim.dddwork.api.kintai.KintaiKanriArgs.<init>(KintaiKanriArgs.java:81)
	at com.naosim.dddwork.api.kintai.KintaiKanriApi.main(KintaiKanriApi.java:24)
	at com.naosim.dddwork.api.kintai.KintaiKanriApi$main.call(Unknown Source)
	at com.naosim.dddwork.api.kintai.KintaiKanriApiTest.$spock_feature_0_1(KintaiKanriApiTest.groovy:103)
	at sun.reflect.NativeMethodAccessorImpl.invoke0(Native Method)
	at sun.reflect.NativeMethodAccessorImpl.invoke(NativeMethodAccessorImpl.java:62)
	at sun.reflect.DelegatingMethodAccessorImpl.invoke(DelegatingMethodAccessorImpl.java:43)
	at java.lang.reflect.Method.invoke(Method.java:498)
	at org.spockframework.util.ReflectionUtil.invokeMethod(ReflectionUtil.java:153)
	at org.spockframework.runtime.model.MethodInfo.invoke(MethodInfo.java:84)
	at org.spockframework.runtime.BaseSpecRunner.invokeRaw(BaseSpecRunner.java:480)
	at org.spockframework.runtime.BaseSpecRunner.invoke(BaseSpecRunner.java:463)
	at org.spockframework.runtime.BaseSpecRunner.runFeatureMethod(BaseSpecRunner.java:405)
	at org.spockframework.runtime.BaseSpecRunner.doRunIteration(BaseSpecRunner.java:324)
	at org.spockframework.runtime.BaseSpecRunner$6.invoke(BaseSpecRunner.java:309)
	at org.spockframework.runtime.BaseSpecRunner.invokeRaw(BaseSpecRunner.java:480)
	at org.spockframework.runtime.BaseSpecRunner.invoke(BaseSpecRunner.java:463)
	at org.spockframework.runtime.BaseSpecRunner.runIteration(BaseSpecRunner.java:288)
	at org.spockframework.runtime.BaseSpecRunner.initializeAndRunIteration(BaseSpecRunner.java:278)
	at org.spockframework.runtime.ParameterizedSpecRunner.runIterations(ParameterizedSpecRunner.java:119)
	at org.spockframework.runtime.ParameterizedSpecRunner.runParameterizedFeature(ParameterizedSpecRunner.java:43)
	at org.spockframework.runtime.BaseSpecRunner.doRunFeature(BaseSpecRunner.java:262)
	at org.spockframework.runtime.BaseSpecRunner$5.invoke(BaseSpecRunner.java:246)
	at org.spockframework.runtime.BaseSpecRunner.invokeRaw(BaseSpecRunner.java:480)
	at org.spockframework.runtime.BaseSpecRunner.invoke(BaseSpecRunner.java:463)
	at org.spockframework.runtime.BaseSpecRunner.runFeature(BaseSpecRunner.java:238)
	at org.spockframework.runtime.BaseSpecRunner.runFeatures(BaseSpecRunner.java:188)
	at org.spockframework.runtime.BaseSpecRunner.doRunSpec(BaseSpecRunner.java:98)
	at org.spockframework.runtime.BaseSpecRunner$1.invoke(BaseSpecRunner.java:84)
	at org.spockframework.runtime.BaseSpecRunner.invokeRaw(BaseSpecRunner.java:480)
	at org.spockframework.runtime.BaseSpecRunner.invoke(BaseSpecRunner.java:463)
	at org.spockframework.runtime.BaseSpecRunner.runSpec(BaseSpecRunner.java:76)
	at org.spockframework.runtime.BaseSpecRunner.run(BaseSpecRunner.java:67)
	at org.spockframework.runtime.Sputnik.run(Sputnik.java:63)
	at org.gradle.api.internal.tasks.testing.junit.JUnitTestClassExecuter.runTestClass(JUnitTestClassExecuter.java:114)
	at org.gradle.api.internal.tasks.testing.junit.JUnitTestClassExecuter.execute(JUnitTestClassExecuter.java:57)
	at org.gradle.api.internal.tasks.testing.junit.JUnitTestClassProcessor.processTestClass(JUnitTestClassProcessor.java:66)
	at org.gradle.api.internal.tasks.testing.SuiteTestClassProcessor.processTestClass(SuiteTestClassProcessor.java:51)
	at sun.reflect.NativeMethodAccessorImpl.invoke0(Native Method)
	at sun.reflect.NativeMethodAccessorImpl.invoke(NativeMethodAccessorImpl.java:62)
	at sun.reflect.DelegatingMethodAccessorImpl.invoke(DelegatingMethodAccessorImpl.java:43)
	at java.lang.reflect.Method.invoke(Method.java:498)
	at org.gradle.internal.dispatch.ReflectionDispatch.dispatch(ReflectionDispatch.java:35)
	at org.gradle.internal.dispatch.ReflectionDispatch.dispatch(ReflectionDispatch.java:24)
	at org.gradle.internal.dispatch.ContextClassLoaderDispatch.dispatch(ContextClassLoaderDispatch.java:32)
	at org.gradle.internal.dispatch.ProxyDispatchAdapter$DispatchingInvocationHandler.invoke(ProxyDispatchAdapter.java:93)
	at com.sun.proxy.$Proxy2.processTestClass(Unknown Source)
	at org.gradle.api.internal.tasks.testing.worker.TestWorker.processTestClass(TestWorker.java:109)
	at sun.reflect.NativeMethodAccessorImpl.invoke0(Native Method)
	at sun.reflect.NativeMethodAccessorImpl.invoke(NativeMethodAccessorImpl.java:62)
	at sun.reflect.DelegatingMethodAccessorImpl.invoke(DelegatingMethodAccessorImpl.java:43)
	at java.lang.reflect.Method.invoke(Method.java:498)
	at org.gradle.internal.dispatch.ReflectionDispatch.dispatch(ReflectionDispatch.java:35)
	at org.gradle.internal.dispatch.ReflectionDispatch.dispatch(ReflectionDispatch.java:24)
	at org.gradle.internal.remote.internal.hub.MessageHub$Handler.run(MessageHub.java:377)
	at org.gradle.internal.concurrent.ExecutorPolicy$CatchAndRecordFailures.onExecute(ExecutorPolicy.java:54)
	at org.gradle.internal.concurrent.StoppableExecutorImpl$1.run(StoppableExecutorImpl.java:40)
	at java.util.concurrent.ThreadPoolExecutor.runWorker(ThreadPoolExecutor.java:1149)
	at java.util.concurrent.ThreadPoolExecutor$Worker.run(ThreadPoolExecutor.java:624)
	at java.lang.Thread.run(Thread.java:748)
java.lang.IllegalArgumentException: methodTypeが不正です
	at com.naosim.dddwork.api.kintai.KintaiKanriArgs.<init>(KintaiKanriArgs.java:87)
	at com.naosim.dddwork.api.kintai.KintaiKanriApi.main(KintaiKanriApi.java:24)
	at com.naosim.dddwork.api.kintai.KintaiKanriApi$main.call(Unknown Source)
	at com.naosim.dddwork.api.kintai.KintaiKanriApiTest.$spock_feature_0_1(KintaiKanriApiTest.groovy:103)
	at sun.reflect.NativeMethodAccessorImpl.invoke0(Native Method)
	at sun.reflect.NativeMethodAccessorImpl.invoke(NativeMethodAccessorImpl.java:62)
	at sun.reflect.DelegatingMethodAccessorImpl.invoke(DelegatingMethodAccessorImpl.java:43)
	at java.lang.reflect.Method.invoke(Method.java:498)
	at org.spockframework.util.ReflectionUtil.invokeMethod(ReflectionUtil.java:153)
	at org.spockframework.runtime.model.MethodInfo.invoke(MethodInfo.java:84)
	at org.spockframework.runtime.BaseSpecRunner.invokeRaw(BaseSpecRunner.java:480)
	at org.spockframework.runtime.BaseSpecRunner.invoke(BaseSpecRunner.java:463)
	at org.spockframework.runtime.BaseSpecRunner.runFeatureMethod(BaseSpecRunner.java:405)
	at org.spockframework.runtime.BaseSpecRunner.doRunIteration(BaseSpecRunner.java:324)
	at org.spockframework.runtime.BaseSpecRunner$6.invoke(BaseSpecRunner.java:309)
	at org.spockframework.runtime.BaseSpecRunner.invokeRaw(BaseSpecRunner.java:480)
	at org.spockframework.runtime.BaseSpecRunner.invoke(BaseSpecRunner.java:463)
	at org.spockframework.runtime.BaseSpecRunner.runIteration(BaseSpecRunner.java:288)
	at org.spockframework.runtime.BaseSpecRunner.initializeAndRunIteration(BaseSpecRunner.java:278)
	at org.spockframework.runtime.ParameterizedSpecRunner.runIterations(ParameterizedSpecRunner.java:119)
	at org.spockframework.runtime.ParameterizedSpecRunner.runParameterizedFeature(ParameterizedSpecRunner.java:43)
	at org.spockframework.runtime.BaseSpecRunner.doRunFeature(BaseSpecRunner.java:262)
	at org.spockframework.runtime.BaseSpecRunner$5.invoke(BaseSpecRunner.java:246)
	at org.spockframework.runtime.BaseSpecRunner.invokeRaw(BaseSpecRunner.java:480)
	at org.spockframework.runtime.BaseSpecRunner.invoke(BaseSpecRunner.java:463)
	at org.spockframework.runtime.BaseSpecRunner.runFeature(BaseSpecRunner.java:238)
	at org.spockframework.runtime.BaseSpecRunner.runFeatures(BaseSpecRunner.java:188)
	at org.spockframework.runtime.BaseSpecRunner.doRunSpec(BaseSpecRunner.java:98)
	at org.spockframework.runtime.BaseSpecRunner$1.invoke(BaseSpecRunner.java:84)
	at org.spockframework.runtime.BaseSpecRunner.invokeRaw(BaseSpecRunner.java:480)
	at org.spockframework.runtime.BaseSpecRunner.invoke(BaseSpecRunner.java:463)
	at org.spockframework.runtime.BaseSpecRunner.runSpec(BaseSpecRunner.java:76)
	at org.spockframework.runtime.BaseSpecRunner.run(BaseSpecRunner.java:67)
	at org.spockframework.runtime.Sputnik.run(Sputnik.java:63)
	at org.gradle.api.internal.tasks.testing.junit.JUnitTestClassExecuter.runTestClass(JUnitTestClassExecuter.java:114)
	at org.gradle.api.internal.tasks.testing.junit.JUnitTestClassExecuter.execute(JUnitTestClassExecuter.java:57)
	at org.gradle.api.internal.tasks.testing.junit.JUnitTestClassProcessor.processTestClass(JUnitTestClassProcessor.java:66)
	at org.gradle.api.internal.tasks.testing.SuiteTestClassProcessor.processTestClass(SuiteTestClassProcessor.java:51)
	at sun.reflect.NativeMethodAccessorImpl.invoke0(Native Method)
	at sun.reflect.NativeMethodAccessorImpl.invoke(NativeMethodAccessorImpl.java:62)
	at sun.reflect.DelegatingMethodAccessorImpl.invoke(DelegatingMethodAccessorImpl.java:43)
	at java.lang.reflect.Method.invoke(Method.java:498)
	at org.gradle.internal.dispatch.ReflectionDispatch.dispatch(ReflectionDispatch.java:35)
	at org.gradle.internal.dispatch.ReflectionDispatch.dispatch(ReflectionDispatch.java:24)
	at org.gradle.internal.dispatch.ContextClassLoaderDispatch.dispatch(ContextClassLoaderDispatch.java:32)
	at org.gradle.internal.dispatch.ProxyDispatchAdapter$DispatchingInvocationHandler.invoke(ProxyDispatchAdapter.java:93)
	at com.sun.proxy.$Proxy2.processTestClass(Unknown Source)
	at org.gradle.api.internal.tasks.testing.worker.TestWorker.processTestClass(TestWorker.java:109)
	at sun.reflect.NativeMethodAccessorImpl.invoke0(Native Method)
	at sun.reflect.NativeMethodAccessorImpl.invoke(NativeMethodAccessorImpl.java:62)
	at sun.reflect.DelegatingMethodAccessorImpl.invoke(DelegatingMethodAccessorImpl.java:43)
	at java.lang.reflect.Method.invoke(Method.java:498)
	at org.gradle.internal.dispatch.ReflectionDispatch.dispatch(ReflectionDispatch.java:35)
	at org.gradle.internal.dispatch.ReflectionDispatch.dispatch(ReflectionDispatch.java:24)
	at org.gradle.internal.remote.internal.hub.MessageHub$Handler.run(MessageHub.java:377)
	at org.gradle.internal.concurrent.ExecutorPolicy$CatchAndRecordFailures.onExecute(ExecutorPolicy.java:54)
	at org.gradle.internal.concurrent.StoppableExecutorImpl$1.run(StoppableExecutorImpl.java:40)
	at java.util.concurrent.ThreadPoolExecutor.runWorker(ThreadPoolExecutor.java:1149)
	at java.util.concurrent.ThreadPoolExecutor$Worker.run(ThreadPoolExecutor.java:624)
	at java.lang.Thread.run(Thread.java:748)
java.lang.IllegalArgumentException: methodTypeが不正です
	at com.naosim.dddwork.api.kintai.KintaiKanriArgs.<init>(KintaiKanriArgs.java:87)
	at com.naosim.dddwork.api.kintai.KintaiKanriApi.main(KintaiKanriApi.java:24)
	at com.naosim.dddwork.api.kintai.KintaiKanriApi$main.call(Unknown Source)
	at com.naosim.dddwork.api.kintai.KintaiKanriApiTest.$spock_feature_0_1(KintaiKanriApiTest.groovy:103)
	at sun.reflect.NativeMethodAccessorImpl.invoke0(Native Method)
	at sun.reflect.NativeMethodAccessorImpl.invoke(NativeMethodAccessorImpl.java:62)
	at sun.reflect.DelegatingMethodAccessorImpl.invoke(DelegatingMethodAccessorImpl.java:43)
	at java.lang.reflect.Method.invoke(Method.java:498)
	at org.spockframework.util.ReflectionUtil.invokeMethod(ReflectionUtil.java:153)
	at org.spockframework.runtime.model.MethodInfo.invoke(MethodInfo.java:84)
	at org.spockframework.runtime.BaseSpecRunner.invokeRaw(BaseSpecRunner.java:480)
	at org.spockframework.runtime.BaseSpecRunner.invoke(BaseSpecRunner.java:463)
	at org.spockframework.runtime.BaseSpecRunner.runFeatureMethod(BaseSpecRunner.java:405)
	at org.spockframework.runtime.BaseSpecRunner.doRunIteration(BaseSpecRunner.java:324)
	at org.spockframework.runtime.BaseSpecRunner$6.invoke(BaseSpecRunner.java:309)
	at org.spockframework.runtime.BaseSpecRunner.invokeRaw(BaseSpecRunner.java:480)
	at org.spockframework.runtime.BaseSpecRunner.invoke(BaseSpecRunner.java:463)
	at org.spockframework.runtime.BaseSpecRunner.runIteration(BaseSpecRunner.java:288)
	at org.spockframework.runtime.BaseSpecRunner.initializeAndRunIteration(BaseSpecRunner.java:278)
	at org.spockframework.runtime.ParameterizedSpecRunner.runIterations(ParameterizedSpecRunner.java:119)
	at org.spockframework.runtime.ParameterizedSpecRunner.runParameterizedFeature(ParameterizedSpecRunner.java:43)
	at org.spockframework.runtime.BaseSpecRunner.doRunFeature(BaseSpecRunner.java:262)
	at org.spockframework.runtime.BaseSpecRunner$5.invoke(BaseSpecRunner.java:246)
	at org.spockframework.runtime.BaseSpecRunner.invokeRaw(BaseSpecRunner.java:480)
	at org.spockframework.runtime.BaseSpecRunner.invoke(BaseSpecRunner.java:463)
	at org.spockframework.runtime.BaseSpecRunner.runFeature(BaseSpecRunner.java:238)
	at org.spockframework.runtime.BaseSpecRunner.runFeatures(BaseSpecRunner.java:188)
	at org.spockframework.runtime.BaseSpecRunner.doRunSpec(BaseSpecRunner.java:98)
	at org.spockframework.runtime.BaseSpecRunner$1.invoke(BaseSpecRunner.java:84)
	at org.spockframework.runtime.BaseSpecRunner.invokeRaw(BaseSpecRunner.java:480)
	at org.spockframework.runtime.BaseSpecRunner.invoke(BaseSpecRunner.java:463)
	at org.spockframework.runtime.BaseSpecRunner.runSpec(BaseSpecRunner.java:76)
	at org.spockframework.runtime.BaseSpecRunner.run(BaseSpecRunner.java:67)
	at org.spockframework.runtime.Sputnik.run(Sputnik.java:63)
	at org.gradle.api.internal.tasks.testing.junit.JUnitTestClassExecuter.runTestClass(JUnitTestClassExecuter.java:114)
	at org.gradle.api.internal.tasks.testing.junit.JUnitTestClassExecuter.execute(JUnitTestClassExecuter.java:57)
	at org.gradle.api.internal.tasks.testing.junit.JUnitTestClassProcessor.processTestClass(JUnitTestClassProcessor.java:66)
	at org.gradle.api.internal.tasks.testing.SuiteTestClassProcessor.processTestClass(SuiteTestClassProcessor.java:51)
	at sun.reflect.NativeMethodAccessorImpl.invoke0(Native Method)
	at sun.reflect.NativeMethodAccessorImpl.invoke(NativeMethodAccessorImpl.java:62)
	at sun.reflect.DelegatingMethodAccessorImpl.invoke(DelegatingMethodAccessorImpl.java:43)
	at java.lang.reflect.Method.invoke(Method.java:498)
	at org.gradle.internal.dispatch.ReflectionDispatch.dispatch(ReflectionDispatch.java:35)
	at org.gradle.internal.dispatch.ReflectionDispatch.dispatch(ReflectionDispatch.java:24)
	at org.gradle.internal.dispatch.ContextClassLoaderDispatch.dispatch(ContextClassLoaderDispatch.java:32)
	at org.gradle.internal.dispatch.ProxyDispatchAdapter$DispatchingInvocationHandler.invoke(ProxyDispatchAdapter.java:93)
	at com.sun.proxy.$Proxy2.processTestClass(Unknown Source)
	at org.gradle.api.internal.tasks.testing.worker.TestWorker.processTestClass(TestWorker.java:109)
	at sun.reflect.NativeMethodAccessorImpl.invoke0(Native Method)
	at sun.reflect.NativeMethodAccessorImpl.invoke(NativeMethodAccessorImpl.java:62)
	at sun.reflect.DelegatingMethodAccessorImpl.invoke(DelegatingMethodAccessorImpl.java:43)
	at java.lang.reflect.Method.invoke(Method.java:498)
	at org.gradle.internal.dispatch.ReflectionDispatch.dispatch(ReflectionDispatch.java:35)
	at org.gradle.internal.dispatch.ReflectionDispatch.dispatch(ReflectionDispatch.java:24)
	at org.gradle.internal.remote.internal.hub.MessageHub$Handler.run(MessageHub.java:377)
	at org.gradle.internal.concurrent.ExecutorPolicy$CatchAndRecordFailures.onExecute(ExecutorPolicy.java:54)
	at org.gradle.internal.concurrent.StoppableExecutorImpl$1.run(StoppableExecutorImpl.java:40)
	at java.util.concurrent.ThreadPoolExecutor.runWorker(ThreadPoolExecutor.java:1149)
	at java.util.concurrent.ThreadPoolExecutor$Worker.run(ThreadPoolExecutor.java:624)
	at java.lang.Thread.run(Thread.java:748)
javax.validation.ValidationException: 日付文字列（yyyyMMdd）を指定してください。
	at com.naosim.dddwork.api.kintai.KintaiKanriArgs.doValidation(KintaiKanriArgs.java:126)
	at com.naosim.dddwork.api.kintai.KintaiKanriArgs.<init>(KintaiKanriArgs.java:67)
	at com.naosim.dddwork.api.kintai.KintaiKanriApi.main(KintaiKanriApi.java:24)
	at com.naosim.dddwork.api.kintai.KintaiKanriApi$main.call(Unknown Source)
	at org.codehaus.groovy.runtime.callsite.CallSiteArray.defaultCall(CallSiteArray.java:48)
	at org.codehaus.groovy.runtime.callsite.AbstractCallSite.call(AbstractCallSite.java:113)
	at org.codehaus.groovy.runtime.callsite.AbstractCallSite.call(AbstractCallSite.java:125)
	at com.naosim.dddwork.api.kintai.KintaiKanriApiTest.$spock_feature_0_2(KintaiKanriApiTest.groovy:127)
	at sun.reflect.NativeMethodAccessorImpl.invoke0(Native Method)
	at sun.reflect.NativeMethodAccessorImpl.invoke(NativeMethodAccessorImpl.java:62)
	at sun.reflect.DelegatingMethodAccessorImpl.invoke(DelegatingMethodAccessorImpl.java:43)
	at java.lang.reflect.Method.invoke(Method.java:498)
	at org.spockframework.util.ReflectionUtil.invokeMethod(ReflectionUtil.java:153)
	at org.spockframework.runtime.model.MethodInfo.invoke(MethodInfo.java:84)
	at org.spockframework.runtime.BaseSpecRunner.invokeRaw(BaseSpecRunner.java:480)
	at org.spockframework.runtime.BaseSpecRunner.invoke(BaseSpecRunner.java:463)
	at org.spockframework.runtime.BaseSpecRunner.runFeatureMethod(BaseSpecRunner.java:405)
	at org.spockframework.runtime.BaseSpecRunner.doRunIteration(BaseSpecRunner.java:324)
	at org.spockframework.runtime.BaseSpecRunner$6.invoke(BaseSpecRunner.java:309)
	at org.spockframework.runtime.BaseSpecRunner.invokeRaw(BaseSpecRunner.java:480)
	at org.spockframework.runtime.BaseSpecRunner.invoke(BaseSpecRunner.java:463)
	at org.spockframework.runtime.BaseSpecRunner.runIteration(BaseSpecRunner.java:288)
	at org.spockframework.runtime.BaseSpecRunner.initializeAndRunIteration(BaseSpecRunner.java:278)
	at org.spockframework.runtime.ParameterizedSpecRunner.runIterations(ParameterizedSpecRunner.java:119)
	at org.spockframework.runtime.ParameterizedSpecRunner.runParameterizedFeature(ParameterizedSpecRunner.java:43)
	at org.spockframework.runtime.BaseSpecRunner.doRunFeature(BaseSpecRunner.java:262)
	at org.spockframework.runtime.BaseSpecRunner$5.invoke(BaseSpecRunner.java:246)
	at org.spockframework.runtime.BaseSpecRunner.invokeRaw(BaseSpecRunner.java:480)
	at org.spockframework.runtime.BaseSpecRunner.invoke(BaseSpecRunner.java:463)
	at org.spockframework.runtime.BaseSpecRunner.runFeature(BaseSpecRunner.java:238)
	at org.spockframework.runtime.BaseSpecRunner.runFeatures(BaseSpecRunner.java:188)
	at org.spockframework.runtime.BaseSpecRunner.doRunSpec(BaseSpecRunner.java:98)
	at org.spockframework.runtime.BaseSpecRunner$1.invoke(BaseSpecRunner.java:84)
	at org.spockframework.runtime.BaseSpecRunner.invokeRaw(BaseSpecRunner.java:480)
	at org.spockframework.runtime.BaseSpecRunner.invoke(BaseSpecRunner.java:463)
	at org.spockframework.runtime.BaseSpecRunner.runSpec(BaseSpecRunner.java:76)
	at org.spockframework.runtime.BaseSpecRunner.run(BaseSpecRunner.java:67)
	at org.spockframework.runtime.Sputnik.run(Sputnik.java:63)
	at org.gradle.api.internal.tasks.testing.junit.JUnitTestClassExecuter.runTestClass(JUnitTestClassExecuter.java:114)
	at org.gradle.api.internal.tasks.testing.junit.JUnitTestClassExecuter.execute(JUnitTestClassExecuter.java:57)
	at org.gradle.api.internal.tasks.testing.junit.JUnitTestClassProcessor.processTestClass(JUnitTestClassProcessor.java:66)
	at org.gradle.api.internal.tasks.testing.SuiteTestClassProcessor.processTestClass(SuiteTestClassProcessor.java:51)
	at sun.reflect.NativeMethodAccessorImpl.invoke0(Native Method)
	at sun.reflect.NativeMethodAccessorImpl.invoke(NativeMethodAccessorImpl.java:62)
	at sun.reflect.DelegatingMethodAccessorImpl.invoke(DelegatingMethodAccessorImpl.java:43)
	at java.lang.reflect.Method.invoke(Method.java:498)
	at org.gradle.internal.dispatch.ReflectionDispatch.dispatch(ReflectionDispatch.java:35)
	at org.gradle.internal.dispatch.ReflectionDispatch.dispatch(ReflectionDispatch.java:24)
	at org.gradle.internal.dispatch.ContextClassLoaderDispatch.dispatch(ContextClassLoaderDispatch.java:32)
	at org.gradle.internal.dispatch.ProxyDispatchAdapter$DispatchingInvocationHandler.invoke(ProxyDispatchAdapter.java:93)
	at com.sun.proxy.$Proxy2.processTestClass(Unknown Source)
	at org.gradle.api.internal.tasks.testing.worker.TestWorker.processTestClass(TestWorker.java:109)
	at sun.reflect.NativeMethodAccessorImpl.invoke0(Native Method)
	at sun.reflect.NativeMethodAccessorImpl.invoke(NativeMethodAccessorImpl.java:62)
	at sun.reflect.DelegatingMethodAccessorImpl.invoke(DelegatingMethodAccessorImpl.java:43)
	at java.lang.reflect.Method.invoke(Method.java:498)
	at org.gradle.internal.dispatch.ReflectionDispatch.dispatch(ReflectionDispatch.java:35)
	at org.gradle.internal.dispatch.ReflectionDispatch.dispatch(ReflectionDispatch.java:24)
	at org.gradle.internal.remote.internal.hub.MessageHub$Handler.run(MessageHub.java:377)
	at org.gradle.internal.concurrent.ExecutorPolicy$CatchAndRecordFailures.onExecute(ExecutorPolicy.java:54)
	at org.gradle.internal.concurrent.StoppableExecutorImpl$1.run(StoppableExecutorImpl.java:40)
	at java.util.concurrent.ThreadPoolExecutor.runWorker(ThreadPoolExecutor.java:1149)
	at java.util.concurrent.ThreadPoolExecutor$Worker.run(ThreadPoolExecutor.java:624)
	at java.lang.Thread.run(Thread.java:748)
javax.validation.ValidationException: must match "^[0-9]*$"
	at com.naosim.dddwork.api.kintai.KintaiKanriArgs.doValidation(KintaiKanriArgs.java:129)
	at com.naosim.dddwork.api.kintai.KintaiKanriArgs.<init>(KintaiKanriArgs.java:67)
	at com.naosim.dddwork.api.kintai.KintaiKanriApi.main(KintaiKanriApi.java:24)
	at com.naosim.dddwork.api.kintai.KintaiKanriApi$main.call(Unknown Source)
	at com.naosim.dddwork.api.kintai.KintaiKanriApiTest.$spock_feature_0_2(KintaiKanriApiTest.groovy:127)
	at sun.reflect.NativeMethodAccessorImpl.invoke0(Native Method)
	at sun.reflect.NativeMethodAccessorImpl.invoke(NativeMethodAccessorImpl.java:62)
	at sun.reflect.DelegatingMethodAccessorImpl.invoke(DelegatingMethodAccessorImpl.java:43)
	at java.lang.reflect.Method.invoke(Method.java:498)
	at org.spockframework.util.ReflectionUtil.invokeMethod(ReflectionUtil.java:153)
	at org.spockframework.runtime.model.MethodInfo.invoke(MethodInfo.java:84)
	at org.spockframework.runtime.BaseSpecRunner.invokeRaw(BaseSpecRunner.java:480)
	at org.spockframework.runtime.BaseSpecRunner.invoke(BaseSpecRunner.java:463)
	at org.spockframework.runtime.BaseSpecRunner.runFeatureMethod(BaseSpecRunner.java:405)
	at org.spockframework.runtime.BaseSpecRunner.doRunIteration(BaseSpecRunner.java:324)
	at org.spockframework.runtime.BaseSpecRunner$6.invoke(BaseSpecRunner.java:309)
	at org.spockframework.runtime.BaseSpecRunner.invokeRaw(BaseSpecRunner.java:480)
	at org.spockframework.runtime.BaseSpecRunner.invoke(BaseSpecRunner.java:463)
	at org.spockframework.runtime.BaseSpecRunner.runIteration(BaseSpecRunner.java:288)
	at org.spockframework.runtime.BaseSpecRunner.initializeAndRunIteration(BaseSpecRunner.java:278)
	at org.spockframework.runtime.ParameterizedSpecRunner.runIterations(ParameterizedSpecRunner.java:119)
	at org.spockframework.runtime.ParameterizedSpecRunner.runParameterizedFeature(ParameterizedSpecRunner.java:43)
	at org.spockframework.runtime.BaseSpecRunner.doRunFeature(BaseSpecRunner.java:262)
	at org.spockframework.runtime.BaseSpecRunner$5.invoke(BaseSpecRunner.java:246)
	at org.spockframework.runtime.BaseSpecRunner.invokeRaw(BaseSpecRunner.java:480)
	at org.spockframework.runtime.BaseSpecRunner.invoke(BaseSpecRunner.java:463)
	at org.spockframework.runtime.BaseSpecRunner.runFeature(BaseSpecRunner.java:238)
	at org.spockframework.runtime.BaseSpecRunner.runFeatures(BaseSpecRunner.java:188)
	at org.spockframework.runtime.BaseSpecRunner.doRunSpec(BaseSpecRunner.java:98)
	at org.spockframework.runtime.BaseSpecRunner$1.invoke(BaseSpecRunner.java:84)
	at org.spockframework.runtime.BaseSpecRunner.invokeRaw(BaseSpecRunner.java:480)
	at org.spockframework.runtime.BaseSpecRunner.invoke(BaseSpecRunner.java:463)
	at org.spockframework.runtime.BaseSpecRunner.runSpec(BaseSpecRunner.java:76)
	at org.spockframework.runtime.BaseSpecRunner.run(BaseSpecRunner.java:67)
	at org.spockframework.runtime.Sputnik.run(Sputnik.java:63)
	at org.gradle.api.internal.tasks.testing.junit.JUnitTestClassExecuter.runTestClass(JUnitTestClassExecuter.java:114)
	at org.gradle.api.internal.tasks.testing.junit.JUnitTestClassExecuter.execute(JUnitTestClassExecuter.java:57)
	at org.gradle.api.internal.tasks.testing.junit.JUnitTestClassProcessor.processTestClass(JUnitTestClassProcessor.java:66)
	at org.gradle.api.internal.tasks.testing.SuiteTestClassProcessor.processTestClass(SuiteTestClassProcessor.java:51)
	at sun.reflect.NativeMethodAccessorImpl.invoke0(Native Method)
	at sun.reflect.NativeMethodAccessorImpl.invoke(NativeMethodAccessorImpl.java:62)
	at sun.reflect.DelegatingMethodAccessorImpl.invoke(DelegatingMethodAccessorImpl.java:43)
	at java.lang.reflect.Method.invoke(Method.java:498)
	at org.gradle.internal.dispatch.ReflectionDispatch.dispatch(ReflectionDispatch.java:35)
	at org.gradle.internal.dispatch.ReflectionDispatch.dispatch(ReflectionDispatch.java:24)
	at org.gradle.internal.dispatch.ContextClassLoaderDispatch.dispatch(ContextClassLoaderDispatch.java:32)
	at org.gradle.internal.dispatch.ProxyDispatchAdapter$DispatchingInvocationHandler.invoke(ProxyDispatchAdapter.java:93)
	at com.sun.proxy.$Proxy2.processTestClass(Unknown Source)
	at org.gradle.api.internal.tasks.testing.worker.TestWorker.processTestClass(TestWorker.java:109)
	at sun.reflect.NativeMethodAccessorImpl.invoke0(Native Method)
	at sun.reflect.NativeMethodAccessorImpl.invoke(NativeMethodAccessorImpl.java:62)
	at sun.reflect.DelegatingMethodAccessorImpl.invoke(DelegatingMethodAccessorImpl.java:43)
	at java.lang.reflect.Method.invoke(Method.java:498)
	at org.gradle.internal.dispatch.ReflectionDispatch.dispatch(ReflectionDispatch.java:35)
	at org.gradle.internal.dispatch.ReflectionDispatch.dispatch(ReflectionDispatch.java:24)
	at org.gradle.internal.remote.internal.hub.MessageHub$Handler.run(MessageHub.java:377)
	at org.gradle.internal.concurrent.ExecutorPolicy$CatchAndRecordFailures.onExecute(ExecutorPolicy.java:54)
	at org.gradle.internal.concurrent.StoppableExecutorImpl$1.run(StoppableExecutorImpl.java:40)
	at java.util.concurrent.ThreadPoolExecutor.runWorker(ThreadPoolExecutor.java:1149)
	at java.util.concurrent.ThreadPoolExecutor$Worker.run(ThreadPoolExecutor.java:624)
	at java.lang.Thread.run(Thread.java:748)
javax.validation.ValidationException: must match "^[0-9]*$"
	at com.naosim.dddwork.api.kintai.KintaiKanriArgs.doValidation(KintaiKanriArgs.java:132)
	at com.naosim.dddwork.api.kintai.KintaiKanriArgs.<init>(KintaiKanriArgs.java:67)
	at com.naosim.dddwork.api.kintai.KintaiKanriApi.main(KintaiKanriApi.java:24)
	at com.naosim.dddwork.api.kintai.KintaiKanriApi$main.call(Unknown Source)
	at com.naosim.dddwork.api.kintai.KintaiKanriApiTest.$spock_feature_0_2(KintaiKanriApiTest.groovy:127)
	at sun.reflect.NativeMethodAccessorImpl.invoke0(Native Method)
	at sun.reflect.NativeMethodAccessorImpl.invoke(NativeMethodAccessorImpl.java:62)
	at sun.reflect.DelegatingMethodAccessorImpl.invoke(DelegatingMethodAccessorImpl.java:43)
	at java.lang.reflect.Method.invoke(Method.java:498)
	at org.spockframework.util.ReflectionUtil.invokeMethod(ReflectionUtil.java:153)
	at org.spockframework.runtime.model.MethodInfo.invoke(MethodInfo.java:84)
	at org.spockframework.runtime.BaseSpecRunner.invokeRaw(BaseSpecRunner.java:480)
	at org.spockframework.runtime.BaseSpecRunner.invoke(BaseSpecRunner.java:463)
	at org.spockframework.runtime.BaseSpecRunner.runFeatureMethod(BaseSpecRunner.java:405)
	at org.spockframework.runtime.BaseSpecRunner.doRunIteration(BaseSpecRunner.java:324)
	at org.spockframework.runtime.BaseSpecRunner$6.invoke(BaseSpecRunner.java:309)
	at org.spockframework.runtime.BaseSpecRunner.invokeRaw(BaseSpecRunner.java:480)
	at org.spockframework.runtime.BaseSpecRunner.invoke(BaseSpecRunner.java:463)
	at org.spockframework.runtime.BaseSpecRunner.runIteration(BaseSpecRunner.java:288)
	at org.spockframework.runtime.BaseSpecRunner.initializeAndRunIteration(BaseSpecRunner.java:278)
	at org.spockframework.runtime.ParameterizedSpecRunner.runIterations(ParameterizedSpecRunner.java:119)
	at org.spockframework.runtime.ParameterizedSpecRunner.runParameterizedFeature(ParameterizedSpecRunner.java:43)
	at org.spockframework.runtime.BaseSpecRunner.doRunFeature(BaseSpecRunner.java:262)
	at org.spockframework.runtime.BaseSpecRunner$5.invoke(BaseSpecRunner.java:246)
	at org.spockframework.runtime.BaseSpecRunner.invokeRaw(BaseSpecRunner.java:480)
	at org.spockframework.runtime.BaseSpecRunner.invoke(BaseSpecRunner.java:463)
	at org.spockframework.runtime.BaseSpecRunner.runFeature(BaseSpecRunner.java:238)
	at org.spockframework.runtime.BaseSpecRunner.runFeatures(BaseSpecRunner.java:188)
	at org.spockframework.runtime.BaseSpecRunner.doRunSpec(BaseSpecRunner.java:98)
	at org.spockframework.runtime.BaseSpecRunner$1.invoke(BaseSpecRunner.java:84)
	at org.spockframework.runtime.BaseSpecRunner.invokeRaw(BaseSpecRunner.java:480)
	at org.spockframework.runtime.BaseSpecRunner.invoke(BaseSpecRunner.java:463)
	at org.spockframework.runtime.BaseSpecRunner.runSpec(BaseSpecRunner.java:76)
	at org.spockframework.runtime.BaseSpecRunner.run(BaseSpecRunner.java:67)
	at org.spockframework.runtime.Sputnik.run(Sputnik.java:63)
	at org.gradle.api.internal.tasks.testing.junit.JUnitTestClassExecuter.runTestClass(JUnitTestClassExecuter.java:114)
	at org.gradle.api.internal.tasks.testing.junit.JUnitTestClassExecuter.execute(JUnitTestClassExecuter.java:57)
	at org.gradle.api.internal.tasks.testing.junit.JUnitTestClassProcessor.processTestClass(JUnitTestClassProcessor.java:66)
	at org.gradle.api.internal.tasks.testing.SuiteTestClassProcessor.processTestClass(SuiteTestClassProcessor.java:51)
	at sun.reflect.NativeMethodAccessorImpl.invoke0(Native Method)
	at sun.reflect.NativeMethodAccessorImpl.invoke(NativeMethodAccessorImpl.java:62)
	at sun.reflect.DelegatingMethodAccessorImpl.invoke(DelegatingMethodAccessorImpl.java:43)
	at java.lang.reflect.Method.invoke(Method.java:498)
	at org.gradle.internal.dispatch.ReflectionDispatch.dispatch(ReflectionDispatch.java:35)
	at org.gradle.internal.dispatch.ReflectionDispatch.dispatch(ReflectionDispatch.java:24)
	at org.gradle.internal.dispatch.ContextClassLoaderDispatch.dispatch(ContextClassLoaderDispatch.java:32)
	at org.gradle.internal.dispatch.ProxyDispatchAdapter$DispatchingInvocationHandler.invoke(ProxyDispatchAdapter.java:93)
	at com.sun.proxy.$Proxy2.processTestClass(Unknown Source)
	at org.gradle.api.internal.tasks.testing.worker.TestWorker.processTestClass(TestWorker.java:109)
	at sun.reflect.NativeMethodAccessorImpl.invoke0(Native Method)
	at sun.reflect.NativeMethodAccessorImpl.invoke(NativeMethodAccessorImpl.java:62)
	at sun.reflect.DelegatingMethodAccessorImpl.invoke(DelegatingMethodAccessorImpl.java:43)
	at java.lang.reflect.Method.invoke(Method.java:498)
	at org.gradle.internal.dispatch.ReflectionDispatch.dispatch(ReflectionDispatch.java:35)
	at org.gradle.internal.dispatch.ReflectionDispatch.dispatch(ReflectionDispatch.java:24)
	at org.gradle.internal.remote.internal.hub.MessageHub$Handler.run(MessageHub.java:377)
	at org.gradle.internal.concurrent.ExecutorPolicy$CatchAndRecordFailures.onExecute(ExecutorPolicy.java:54)
	at org.gradle.internal.concurrent.StoppableExecutorImpl$1.run(StoppableExecutorImpl.java:40)
	at java.util.concurrent.ThreadPoolExecutor.runWorker(ThreadPoolExecutor.java:1149)
	at java.util.concurrent.ThreadPoolExecutor$Worker.run(ThreadPoolExecutor.java:624)
	at java.lang.Thread.run(Thread.java:748)
javax.validation.ValidationException: 指定された形式で入力してください：出勤日
	at com.naosim.dddwork.api.form.WorkDateForm.<init>(WorkDateForm.java:31)
	at com.naosim.dddwork.api.kintai.KintaiKanriArgs.doValidation(KintaiKanriArgs.java:125)
	at com.naosim.dddwork.api.kintai.KintaiKanriArgs.<init>(KintaiKanriArgs.java:67)
	at com.naosim.dddwork.api.kintai.KintaiKanriApi.main(KintaiKanriApi.java:24)
	at com.naosim.dddwork.api.kintai.KintaiKanriApi$main.call(Unknown Source)
	at com.naosim.dddwork.api.kintai.KintaiKanriApiTest.$spock_feature_0_2(KintaiKanriApiTest.groovy:127)
	at sun.reflect.NativeMethodAccessorImpl.invoke0(Native Method)
	at sun.reflect.NativeMethodAccessorImpl.invoke(NativeMethodAccessorImpl.java:62)
	at sun.reflect.DelegatingMethodAccessorImpl.invoke(DelegatingMethodAccessorImpl.java:43)
	at java.lang.reflect.Method.invoke(Method.java:498)
	at org.spockframework.util.ReflectionUtil.invokeMethod(ReflectionUtil.java:153)
	at org.spockframework.runtime.model.MethodInfo.invoke(MethodInfo.java:84)
	at org.spockframework.runtime.BaseSpecRunner.invokeRaw(BaseSpecRunner.java:480)
	at org.spockframework.runtime.BaseSpecRunner.invoke(BaseSpecRunner.java:463)
	at org.spockframework.runtime.BaseSpecRunner.runFeatureMethod(BaseSpecRunner.java:405)
	at org.spockframework.runtime.BaseSpecRunner.doRunIteration(BaseSpecRunner.java:324)
	at org.spockframework.runtime.BaseSpecRunner$6.invoke(BaseSpecRunner.java:309)
	at org.spockframework.runtime.BaseSpecRunner.invokeRaw(BaseSpecRunner.java:480)
	at org.spockframework.runtime.BaseSpecRunner.invoke(BaseSpecRunner.java:463)
	at org.spockframework.runtime.BaseSpecRunner.runIteration(BaseSpecRunner.java:288)
	at org.spockframework.runtime.BaseSpecRunner.initializeAndRunIteration(BaseSpecRunner.java:278)
	at org.spockframework.runtime.ParameterizedSpecRunner.runIterations(ParameterizedSpecRunner.java:119)
	at org.spockframework.runtime.ParameterizedSpecRunner.runParameterizedFeature(ParameterizedSpecRunner.java:43)
	at org.spockframework.runtime.BaseSpecRunner.doRunFeature(BaseSpecRunner.java:262)
	at org.spockframework.runtime.BaseSpecRunner$5.invoke(BaseSpecRunner.java:246)
	at org.spockframework.runtime.BaseSpecRunner.invokeRaw(BaseSpecRunner.java:480)
	at org.spockframework.runtime.BaseSpecRunner.invoke(BaseSpecRunner.java:463)
	at org.spockframework.runtime.BaseSpecRunner.runFeature(BaseSpecRunner.java:238)
	at org.spockframework.runtime.BaseSpecRunner.runFeatures(BaseSpecRunner.java:188)
	at org.spockframework.runtime.BaseSpecRunner.doRunSpec(BaseSpecRunner.java:98)
	at org.spockframework.runtime.BaseSpecRunner$1.invoke(BaseSpecRunner.java:84)
	at org.spockframework.runtime.BaseSpecRunner.invokeRaw(BaseSpecRunner.java:480)
	at org.spockframework.runtime.BaseSpecRunner.invoke(BaseSpecRunner.java:463)
	at org.spockframework.runtime.BaseSpecRunner.runSpec(BaseSpecRunner.java:76)
	at org.spockframework.runtime.BaseSpecRunner.run(BaseSpecRunner.java:67)
	at org.spockframework.runtime.Sputnik.run(Sputnik.java:63)
	at org.gradle.api.internal.tasks.testing.junit.JUnitTestClassExecuter.runTestClass(JUnitTestClassExecuter.java:114)
	at org.gradle.api.internal.tasks.testing.junit.JUnitTestClassExecuter.execute(JUnitTestClassExecuter.java:57)
	at org.gradle.api.internal.tasks.testing.junit.JUnitTestClassProcessor.processTestClass(JUnitTestClassProcessor.java:66)
	at org.gradle.api.internal.tasks.testing.SuiteTestClassProcessor.processTestClass(SuiteTestClassProcessor.java:51)
	at sun.reflect.NativeMethodAccessorImpl.invoke0(Native Method)
	at sun.reflect.NativeMethodAccessorImpl.invoke(NativeMethodAccessorImpl.java:62)
	at sun.reflect.DelegatingMethodAccessorImpl.invoke(DelegatingMethodAccessorImpl.java:43)
	at java.lang.reflect.Method.invoke(Method.java:498)
	at org.gradle.internal.dispatch.ReflectionDispatch.dispatch(ReflectionDispatch.java:35)
	at org.gradle.internal.dispatch.ReflectionDispatch.dispatch(ReflectionDispatch.java:24)
	at org.gradle.internal.dispatch.ContextClassLoaderDispatch.dispatch(ContextClassLoaderDispatch.java:32)
	at org.gradle.internal.dispatch.ProxyDispatchAdapter$DispatchingInvocationHandler.invoke(ProxyDispatchAdapter.java:93)
	at com.sun.proxy.$Proxy2.processTestClass(Unknown Source)
	at org.gradle.api.internal.tasks.testing.worker.TestWorker.processTestClass(TestWorker.java:109)
	at sun.reflect.NativeMethodAccessorImpl.invoke0(Native Method)
	at sun.reflect.NativeMethodAccessorImpl.invoke(NativeMethodAccessorImpl.java:62)
	at sun.reflect.DelegatingMethodAccessorImpl.invoke(DelegatingMethodAccessorImpl.java:43)
	at java.lang.reflect.Method.invoke(Method.java:498)
	at org.gradle.internal.dispatch.ReflectionDispatch.dispatch(ReflectionDispatch.java:35)
	at org.gradle.internal.dispatch.ReflectionDispatch.dispatch(ReflectionDispatch.java:24)
	at org.gradle.internal.remote.internal.hub.MessageHub$Handler.run(MessageHub.java:377)
	at org.gradle.internal.concurrent.ExecutorPolicy$CatchAndRecordFailures.onExecute(ExecutorPolicy.java:54)
	at org.gradle.internal.concurrent.StoppableExecutorImpl$1.run(StoppableExecutorImpl.java:40)
	at java.util.concurrent.ThreadPoolExecutor.runWorker(ThreadPoolExecutor.java:1149)
	at java.util.concurrent.ThreadPoolExecutor$Worker.run(ThreadPoolExecutor.java:624)
	at java.lang.Thread.run(Thread.java:748)
javax.validation.ValidationException: 指定された形式で入力してください：出勤時刻
	at com.naosim.dddwork.api.form.WorkTimeFromForm.<init>(WorkTimeFromForm.java:33)
	at com.naosim.dddwork.api.kintai.KintaiKanriArgs.doValidation(KintaiKanriArgs.java:128)
	at com.naosim.dddwork.api.kintai.KintaiKanriArgs.<init>(KintaiKanriArgs.java:67)
	at com.naosim.dddwork.api.kintai.KintaiKanriApi.main(KintaiKanriApi.java:24)
	at com.naosim.dddwork.api.kintai.KintaiKanriApi$main.call(Unknown Source)
	at com.naosim.dddwork.api.kintai.KintaiKanriApiTest.$spock_feature_0_2(KintaiKanriApiTest.groovy:127)
	at sun.reflect.NativeMethodAccessorImpl.invoke0(Native Method)
	at sun.reflect.NativeMethodAccessorImpl.invoke(NativeMethodAccessorImpl.java:62)
	at sun.reflect.DelegatingMethodAccessorImpl.invoke(DelegatingMethodAccessorImpl.java:43)
	at java.lang.reflect.Method.invoke(Method.java:498)
	at org.spockframework.util.ReflectionUtil.invokeMethod(ReflectionUtil.java:153)
	at org.spockframework.runtime.model.MethodInfo.invoke(MethodInfo.java:84)
	at org.spockframework.runtime.BaseSpecRunner.invokeRaw(BaseSpecRunner.java:480)
	at org.spockframework.runtime.BaseSpecRunner.invoke(BaseSpecRunner.java:463)
	at org.spockframework.runtime.BaseSpecRunner.runFeatureMethod(BaseSpecRunner.java:405)
	at org.spockframework.runtime.BaseSpecRunner.doRunIteration(BaseSpecRunner.java:324)
	at org.spockframework.runtime.BaseSpecRunner$6.invoke(BaseSpecRunner.java:309)
	at org.spockframework.runtime.BaseSpecRunner.invokeRaw(BaseSpecRunner.java:480)
	at org.spockframework.runtime.BaseSpecRunner.invoke(BaseSpecRunner.java:463)
	at org.spockframework.runtime.BaseSpecRunner.runIteration(BaseSpecRunner.java:288)
	at org.spockframework.runtime.BaseSpecRunner.initializeAndRunIteration(BaseSpecRunner.java:278)
	at org.spockframework.runtime.ParameterizedSpecRunner.runIterations(ParameterizedSpecRunner.java:119)
	at org.spockframework.runtime.ParameterizedSpecRunner.runParameterizedFeature(ParameterizedSpecRunner.java:43)
	at org.spockframework.runtime.BaseSpecRunner.doRunFeature(BaseSpecRunner.java:262)
	at org.spockframework.runtime.BaseSpecRunner$5.invoke(BaseSpecRunner.java:246)
	at org.spockframework.runtime.BaseSpecRunner.invokeRaw(BaseSpecRunner.java:480)
	at org.spockframework.runtime.BaseSpecRunner.invoke(BaseSpecRunner.java:463)
	at org.spockframework.runtime.BaseSpecRunner.runFeature(BaseSpecRunner.java:238)
	at org.spockframework.runtime.BaseSpecRunner.runFeatures(BaseSpecRunner.java:188)
	at org.spockframework.runtime.BaseSpecRunner.doRunSpec(BaseSpecRunner.java:98)
	at org.spockframework.runtime.BaseSpecRunner$1.invoke(BaseSpecRunner.java:84)
	at org.spockframework.runtime.BaseSpecRunner.invokeRaw(BaseSpecRunner.java:480)
	at org.spockframework.runtime.BaseSpecRunner.invoke(BaseSpecRunner.java:463)
	at org.spockframework.runtime.BaseSpecRunner.runSpec(BaseSpecRunner.java:76)
	at org.spockframework.runtime.BaseSpecRunner.run(BaseSpecRunner.java:67)
	at org.spockframework.runtime.Sputnik.run(Sputnik.java:63)
	at org.gradle.api.internal.tasks.testing.junit.JUnitTestClassExecuter.runTestClass(JUnitTestClassExecuter.java:114)
	at org.gradle.api.internal.tasks.testing.junit.JUnitTestClassExecuter.execute(JUnitTestClassExecuter.java:57)
	at org.gradle.api.internal.tasks.testing.junit.JUnitTestClassProcessor.processTestClass(JUnitTestClassProcessor.java:66)
	at org.gradle.api.internal.tasks.testing.SuiteTestClassProcessor.processTestClass(SuiteTestClassProcessor.java:51)
	at sun.reflect.NativeMethodAccessorImpl.invoke0(Native Method)
	at sun.reflect.NativeMethodAccessorImpl.invoke(NativeMethodAccessorImpl.java:62)
	at sun.reflect.DelegatingMethodAccessorImpl.invoke(DelegatingMethodAccessorImpl.java:43)
	at java.lang.reflect.Method.invoke(Method.java:498)
	at org.gradle.internal.dispatch.ReflectionDispatch.dispatch(ReflectionDispatch.java:35)
	at org.gradle.internal.dispatch.ReflectionDispatch.dispatch(ReflectionDispatch.java:24)
	at org.gradle.internal.dispatch.ContextClassLoaderDispatch.dispatch(ContextClassLoaderDispatch.java:32)
	at org.gradle.internal.dispatch.ProxyDispatchAdapter$DispatchingInvocationHandler.invoke(ProxyDispatchAdapter.java:93)
	at com.sun.proxy.$Proxy2.processTestClass(Unknown Source)
	at org.gradle.api.internal.tasks.testing.worker.TestWorker.processTestClass(TestWorker.java:109)
	at sun.reflect.NativeMethodAccessorImpl.invoke0(Native Method)
	at sun.reflect.NativeMethodAccessorImpl.invoke(NativeMethodAccessorImpl.java:62)
	at sun.reflect.DelegatingMethodAccessorImpl.invoke(DelegatingMethodAccessorImpl.java:43)
	at java.lang.reflect.Method.invoke(Method.java:498)
	at org.gradle.internal.dispatch.ReflectionDispatch.dispatch(ReflectionDispatch.java:35)
	at org.gradle.internal.dispatch.ReflectionDispatch.dispatch(ReflectionDispatch.java:24)
	at org.gradle.internal.remote.internal.hub.MessageHub$Handler.run(MessageHub.java:377)
	at org.gradle.internal.concurrent.ExecutorPolicy$CatchAndRecordFailures.onExecute(ExecutorPolicy.java:54)
	at org.gradle.internal.concurrent.StoppableExecutorImpl$1.run(StoppableExecutorImpl.java:40)
	at java.util.concurrent.ThreadPoolExecutor.runWorker(ThreadPoolExecutor.java:1149)
	at java.util.concurrent.ThreadPoolExecutor$Worker.run(ThreadPoolExecutor.java:624)
	at java.lang.Thread.run(Thread.java:748)
javax.validation.ValidationException: 指定された形式で入力してください：退勤時刻
	at com.naosim.dddwork.api.form.WorkTimeToForm.<init>(WorkTimeToForm.java:33)
	at com.naosim.dddwork.api.kintai.KintaiKanriArgs.doValidation(KintaiKanriArgs.java:131)
	at com.naosim.dddwork.api.kintai.KintaiKanriArgs.<init>(KintaiKanriArgs.java:67)
	at com.naosim.dddwork.api.kintai.KintaiKanriApi.main(KintaiKanriApi.java:24)
	at com.naosim.dddwork.api.kintai.KintaiKanriApi$main.call(Unknown Source)
	at com.naosim.dddwork.api.kintai.KintaiKanriApiTest.$spock_feature_0_2(KintaiKanriApiTest.groovy:127)
	at sun.reflect.NativeMethodAccessorImpl.invoke0(Native Method)
	at sun.reflect.NativeMethodAccessorImpl.invoke(NativeMethodAccessorImpl.java:62)
	at sun.reflect.DelegatingMethodAccessorImpl.invoke(DelegatingMethodAccessorImpl.java:43)
	at java.lang.reflect.Method.invoke(Method.java:498)
	at org.spockframework.util.ReflectionUtil.invokeMethod(ReflectionUtil.java:153)
	at org.spockframework.runtime.model.MethodInfo.invoke(MethodInfo.java:84)
	at org.spockframework.runtime.BaseSpecRunner.invokeRaw(BaseSpecRunner.java:480)
	at org.spockframework.runtime.BaseSpecRunner.invoke(BaseSpecRunner.java:463)
	at org.spockframework.runtime.BaseSpecRunner.runFeatureMethod(BaseSpecRunner.java:405)
	at org.spockframework.runtime.BaseSpecRunner.doRunIteration(BaseSpecRunner.java:324)
	at org.spockframework.runtime.BaseSpecRunner$6.invoke(BaseSpecRunner.java:309)
	at org.spockframework.runtime.BaseSpecRunner.invokeRaw(BaseSpecRunner.java:480)
	at org.spockframework.runtime.BaseSpecRunner.invoke(BaseSpecRunner.java:463)
	at org.spockframework.runtime.BaseSpecRunner.runIteration(BaseSpecRunner.java:288)
	at org.spockframework.runtime.BaseSpecRunner.initializeAndRunIteration(BaseSpecRunner.java:278)
	at org.spockframework.runtime.ParameterizedSpecRunner.runIterations(ParameterizedSpecRunner.java:119)
	at org.spockframework.runtime.ParameterizedSpecRunner.runParameterizedFeature(ParameterizedSpecRunner.java:43)
	at org.spockframework.runtime.BaseSpecRunner.doRunFeature(BaseSpecRunner.java:262)
	at org.spockframework.runtime.BaseSpecRunner$5.invoke(BaseSpecRunner.java:246)
	at org.spockframework.runtime.BaseSpecRunner.invokeRaw(BaseSpecRunner.java:480)
	at org.spockframework.runtime.BaseSpecRunner.invoke(BaseSpecRunner.java:463)
	at org.spockframework.runtime.BaseSpecRunner.runFeature(BaseSpecRunner.java:238)
	at org.spockframework.runtime.BaseSpecRunner.runFeatures(BaseSpecRunner.java:188)
	at org.spockframework.runtime.BaseSpecRunner.doRunSpec(BaseSpecRunner.java:98)
	at org.spockframework.runtime.BaseSpecRunner$1.invoke(BaseSpecRunner.java:84)
	at org.spockframework.runtime.BaseSpecRunner.invokeRaw(BaseSpecRunner.java:480)
	at org.spockframework.runtime.BaseSpecRunner.invoke(BaseSpecRunner.java:463)
	at org.spockframework.runtime.BaseSpecRunner.runSpec(BaseSpecRunner.java:76)
	at org.spockframework.runtime.BaseSpecRunner.run(BaseSpecRunner.java:67)
	at org.spockframework.runtime.Sputnik.run(Sputnik.java:63)
	at org.gradle.api.internal.tasks.testing.junit.JUnitTestClassExecuter.runTestClass(JUnitTestClassExecuter.java:114)
	at org.gradle.api.internal.tasks.testing.junit.JUnitTestClassExecuter.execute(JUnitTestClassExecuter.java:57)
	at org.gradle.api.internal.tasks.testing.junit.JUnitTestClassProcessor.processTestClass(JUnitTestClassProcessor.java:66)
	at org.gradle.api.internal.tasks.testing.SuiteTestClassProcessor.processTestClass(SuiteTestClassProcessor.java:51)
	at sun.reflect.NativeMethodAccessorImpl.invoke0(Native Method)
	at sun.reflect.NativeMethodAccessorImpl.invoke(NativeMethodAccessorImpl.java:62)
	at sun.reflect.DelegatingMethodAccessorImpl.invoke(DelegatingMethodAccessorImpl.java:43)
	at java.lang.reflect.Method.invoke(Method.java:498)
	at org.gradle.internal.dispatch.ReflectionDispatch.dispatch(ReflectionDispatch.java:35)
	at org.gradle.internal.dispatch.ReflectionDispatch.dispatch(ReflectionDispatch.java:24)
	at org.gradle.internal.dispatch.ContextClassLoaderDispatch.dispatch(ContextClassLoaderDispatch.java:32)
	at org.gradle.internal.dispatch.ProxyDispatchAdapter$DispatchingInvocationHandler.invoke(ProxyDispatchAdapter.java:93)
	at com.sun.proxy.$Proxy2.processTestClass(Unknown Source)
	at org.gradle.api.internal.tasks.testing.worker.TestWorker.processTestClass(TestWorker.java:109)
	at sun.reflect.NativeMethodAccessorImpl.invoke0(Native Method)
	at sun.reflect.NativeMethodAccessorImpl.invoke(NativeMethodAccessorImpl.java:62)
	at sun.reflect.DelegatingMethodAccessorImpl.invoke(DelegatingMethodAccessorImpl.java:43)
	at java.lang.reflect.Method.invoke(Method.java:498)
	at org.gradle.internal.dispatch.ReflectionDispatch.dispatch(ReflectionDispatch.java:35)
	at org.gradle.internal.dispatch.ReflectionDispatch.dispatch(ReflectionDispatch.java:24)
	at org.gradle.internal.remote.internal.hub.MessageHub$Handler.run(MessageHub.java:377)
	at org.gradle.internal.concurrent.ExecutorPolicy$CatchAndRecordFailures.onExecute(ExecutorPolicy.java:54)
	at org.gradle.internal.concurrent.StoppableExecutorImpl$1.run(StoppableExecutorImpl.java:40)
	at java.util.concurrent.ThreadPoolExecutor.runWorker(ThreadPoolExecutor.java:1149)
	at java.util.concurrent.ThreadPoolExecutor$Worker.run(ThreadPoolExecutor.java:624)
	at java.lang.Thread.run(Thread.java:748)
]]></system-err>
</testsuite>
